Build started 18-Sep-14 7:28:33 PM.
     1>Project "C:\VTK\VTK-examples\PnP-VtkCamera\build\PnP-VtkCamera.vcxproj" on node 2 (build target(s)).
     1>InitializeBuildStatus:
         Creating "PnP-VtkCamera.dir\Debug\PnP-VtkCamera.unsuccessfulbuild" because "AlwaysCreate" was specified.
       CustomBuild:
         All outputs are up-to-date.
       ClCompile:
         C:\Program Files\Microsoft Visual Studio 10.0\VC\bin\CL.exe /c /I"C:\OpenCV\OpenCV-install\opencv\build\include\\" /I"C:\VTK\VTK-install\include\vtk-5.10" /Zi /nologo /W3 /WX- /Od /Ob0 /Oy- /D WIN32 /D _WINDOWS /D _DEBUG /D "CMAKE_INTDIR=\"Debug\"" /D _MBCS /Gm- /EHsc /RTC1 /MDd /GS /fp:precise /Zc:wchar_t /Zc:forScope /GR /Fo"PnP-VtkCamera.dir\Debug\\" /Fd"PnP-VtkCamera.dir\Debug\vc100.pdb" /Gd /TP /analyze- /errorReport:prompt "..\PnP-VtkCamera.cxx"
         PnP-VtkCamera.cxx
     1>c:\opencv\opencv-install\opencv\build\include\opencv2\flann\logger.h(66): warning C4996: 'fopen': This function or variable may be unsafe. Consider using fopen_s instead. To disable deprecation, use _CRT_SECURE_NO_WARNINGS. See online help for details.
                 C:\Program Files\Microsoft Visual Studio 10.0\VC\include\stdio.h(234) : see declaration of 'fopen'
       ManifestResourceCompile:
         All outputs are up-to-date.
       Link:
         C:\Program Files\Microsoft Visual Studio 10.0\VC\bin\link.exe /ERRORREPORT:PROMPT /OUT:"C:\VTK\VTK-examples\PnP-VtkCamera\build\Debug\PnP-VtkCamera.exe" /INCREMENTAL /NOLOGO /LIBPATH:"C:\OpenCV\OpenCV-install\opencv\build\x86\vc10\lib" kernel32.lib user32.lib gdi32.lib winspool.lib shell32.lib ole32.lib oleaut32.lib uuid.lib comdlg32.lib advapi32.lib "C:\VTK\VTK-install\lib\vtk-5.10\vtkCommon.lib" "C:\VTK\VTK-install\lib\vtk-5.10\vtkFiltering.lib" "C:\VTK\VTK-install\lib\vtk-5.10\vtkImaging.lib" "C:\VTK\VTK-install\lib\vtk-5.10\vtkGraphics.lib" "C:\VTK\VTK-install\lib\vtk-5.10\vtkGenericFiltering.lib" "C:\VTK\VTK-install\lib\vtk-5.10\vtkIO.lib" "C:\VTK\VTK-install\lib\vtk-5.10\vtkRendering.lib" "C:\VTK\VTK-install\lib\vtk-5.10\vtkVolumeRendering.lib" "C:\VTK\VTK-install\lib\vtk-5.10\vtkHybrid.lib" "C:\VTK\VTK-install\lib\vtk-5.10\vtkWidgets.lib" "C:\VTK\VTK-install\lib\vtk-5.10\vtkInfovis.lib" "C:\VTK\VTK-install\lib\vtk-5.10\vtkGeovis.lib" "C:\VTK\VTK-install\lib\vtk-5.10\vtkViews.lib" "C:\VTK\VTK-install\lib\vtk-5.10\vtkCharts.lib" "C:\VTK\VTK-install\lib\vtk-5.10\vtksys.lib" ws2_32.lib opencv_calib3d248d.lib opencv_contrib248d.lib opencv_core248d.lib opencv_features2d248d.lib opencv_flann248d.lib opencv_gpu248d.lib opencv_highgui248d.lib opencv_imgproc248d.lib opencv_legacy248d.lib opencv_ml248d.lib opencv_nonfree248d.lib opencv_objdetect248d.lib opencv_photo248d.lib opencv_stitching248d.lib opencv_superres248d.lib opencv_ts248d.lib opencv_video248d.lib opencv_videostab248d.lib /MANIFEST /ManifestFile:"PnP-VtkCamera.dir\Debug\PnP-VtkCamera.exe.intermediate.manifest" /MANIFESTUAC:"level='asInvoker' uiAccess='false'" /DEBUG /PDB:"C:/VTK/VTK-examples/PnP-VtkCamera/build/Debug/PnP-VtkCamera.pdb" /SUBSYSTEM:CONSOLE /TLBID:1 /DYNAMICBASE /NXCOMPAT /IMPLIB:"C:/VTK/VTK-examples/PnP-VtkCamera/build/Debug/PnP-VtkCamera.lib" /MACHINE:X86 "PnP-VtkCamera.dir\Debug\PnP-VtkCamera.exe.embed.manifest.res"
         "PnP-VtkCamera.dir\Debug\PnP-VtkCamera.obj"  /machine:X86 /debug 
       Manifest:
         C:\Program Files\Microsoft SDKs\Windows\v7.0A\bin\mt.exe /nologo /verbose /out:"PnP-VtkCamera.dir\Debug\PnP-VtkCamera.exe.embed.manifest" /manifest "PnP-VtkCamera.dir\Debug\PnP-VtkCamera.exe.intermediate.manifest"
         All outputs are up-to-date.
       LinkEmbedManifest:
         All outputs are up-to-date.
         PnP-VtkCamera.vcxproj -> C:\VTK\VTK-examples\PnP-VtkCamera\build\Debug\PnP-VtkCamera.exe
       FinalizeBuildStatus:
         Deleting file "PnP-VtkCamera.dir\Debug\PnP-VtkCamera.unsuccessfulbuild".
         Touching "PnP-VtkCamera.dir\Debug\PnP-VtkCamera.lastbuildstate".
     1>Done Building Project "C:\VTK\VTK-examples\PnP-VtkCamera\build\PnP-VtkCamera.vcxproj" (build target(s)).

Build succeeded.

Time Elapsed 00:00:01.92
